This is pdfTeX, Version 3.141592653-2.6-1.40.28 (TeX Live 2025) (preloaded format=pdflatex 2026.2.20)  24 FEB 2026 15:02
entering extended mode
 restricted \write18 enabled.
 %&-line parsing enabled.
**frontmatter.tex
(./frontmatter.tex
LaTeX2e <2025-11-01>
L3 programming layer <2026-01-19>

! LaTeX Error: Missing \begin{document}.

See the LaTeX manual or LaTeX Companion for explanation.
Type  H <return>  for immediate help.
 ...                                              
                                                  
l.7 \noindent
             \rule{\textwidth}{2pt}\par
You're in trouble here.  Try typing  <return>  to proceed.
If that doesn't work, type  X <return>  to quit.


Overfull \hbox (8191.99998pt too wide) in paragraph at lines 7--7
[] 
 []


! LaTeX Error: Missing \begin{document}.

See the LaTeX manual or LaTeX Companion for explanation.
Type  H <return>  for immediate help.
 ...                                              
                                                  
l.11 \noindent
              
You're in trouble here.  Try typing  <return>  to proceed.
If that doesn't work, type  X <return>  to quit.

! Undefined control sequence.
l.13   {\AKRSans
                \bfseries\fontsize{10}{10}\selectfont
The control sequence at the end of the top line
of your error message was never \def'ed. If you have
misspelled it (e.g., `\hobx'), type `I' and the correct
spelling (e.g., `I\hbox'). Otherwise just continue,
and I'll forget about whatever was undefined.

! Undefined control sequence.
l.15   {\AKRSans
                \bfseries\fontsize{10}{10}\selectfont
The control sequence at the end of the top line
of your error message was never \def'ed. If you have
misspelled it (e.g., `\hobx'), type `I' and the correct
spelling (e.g., `I\hbox'). Otherwise just continue,
and I'll forget about whatever was undefined.

! Undefined control sequence.
l.18   {\AKRSans
                \bfseries\fontsize{10}{10}\selectfont
The control sequence at the end of the top line
of your error message was never \def'ed. If you have
misspelled it (e.g., `\hobx'), type `I' and the correct
spelling (e.g., `I\hbox'). Otherwise just continue,
and I'll forget about whatever was undefined.

! Undefined control sequence.
l.19   \FwsProgram
                  \ – \FwsRegion\ Region\par}
The control sequence at the end of the top line
of your error message was never \def'ed. If you have
misspelled it (e.g., `\hobx'), type `I' and the correct
spelling (e.g., `I\hbox'). Otherwise just continue,
and I'll forget about whatever was undefined.

! Undefined control sequence.
l.19   \FwsProgram\ – \FwsRegion
                                  \ Region\par}
The control sequence at the end of the top line
of your error message was never \def'ed. If you have
misspelled it (e.g., `\hobx'), type `I' and the correct
spelling (e.g., `I\hbox'). Otherwise just continue,
and I'll forget about whatever was undefined.

LaTeX Font Info:    External font `cmex10' loaded for size
(Font)              <7> on input line 20.
LaTeX Font Info:    External font `cmex10' loaded for size
(Font)              <5> on input line 20.
! Undefined control sequence.
l.24   \includegraphics
                       [height=0.7in,keepaspectratio]{_extensions/refuge-tem...
The control sequence at the end of the top line
of your error message was never \def'ed. If you have
misspelled it (e.g., `\hobx'), type `I' and the correct
spelling (e.g., `I\hbox'). Otherwise just continue,
and I'll forget about whatever was undefined.

Missing character: There is no [ in font nullfont!
Missing character: There is no h in font nullfont!
Missing character: There is no e in font nullfont!
Missing character: There is no i in font nullfont!
Missing character: There is no g in font nullfont!
Missing character: There is no h in font nullfont!
Missing character: There is no t in font nullfont!
Missing character: There is no = in font nullfont!
Missing character: There is no 0 in font nullfont!
Missing character: There is no . in font nullfont!
Missing character: There is no 7 in font nullfont!
Missing character: There is no i in font nullfont!
Missing character: There is no n in font nullfont!
Missing character: There is no , in font nullfont!
Missing character: There is no k in font nullfont!
Missing character: There is no e in font nullfont!
Missing character: There is no e in font nullfont!
Missing character: There is no p in font nullfont!
Missing character: There is no a in font nullfont!
Missing character: There is no s in font nullfont!
Missing character: There is no p in font nullfont!
Missing character: There is no e in font nullfont!
Missing character: There is no c in font nullfont!
Missing character: There is no t in font nullfont!
Missing character: There is no r in font nullfont!
Missing character: There is no a in font nullfont!
Missing character: There is no t in font nullfont!
Missing character: There is no i in font nullfont!
Missing character: There is no o in font nullfont!
Missing character: There is no ] in font nullfont!
! Missing $ inserted.
<inserted text> 
                $
l.24 ...degraphics[height=0.7in,keepaspectratio]{_
                                                  extensions/refuge-template...
I've inserted a begin-math/end-math symbol since I think
you left one out. Proceed, with fingers crossed.

! Extra }, or forgotten $.
l.24 ...sions/refuge-template/images/fws_logo.eps}
                                                  
I've deleted a group-closing symbol because it seems to be
spurious, as in `$x}$'. But perhaps the } is legitimate and
you forgot something else, as in `\hbox{$x}'. In such cases
the way to recover is to insert both the forgotten and the
deleted material, e.g., by typing `I$}'.

! Missing $ inserted.
<inserted text> 
                $
l.25 \end{minipage}
                   
I've inserted a begin-math/end-math symbol since I think
you left one out. Proceed, with fingers crossed.

! Missing } inserted.
<inserted text> 
                }
l.25 \end{minipage}
                   
I've inserted something that you may have forgotten.
(See the <inserted text> above.)
With luck, this will get me unwedged. But if you
really didn't forget anything, try typing `2' now; then
my insertion and my current dilemma will both disappear.


Overfull \hbox (6225.87498pt too wide) in paragraph at lines 11--26
$[]$
 []


Overfull \hbox (1638.37498pt too wide) in paragraph at lines 11--26
[]$ 
 []


! LaTeX Error: Missing \begin{document}.

See the LaTeX manual or LaTeX Companion for explanation.
Type  H <return>  for immediate help.
 ...                                              
                                                  
l.28 \noindent
              \rule{\textwidth}{1pt}\par
You're in trouble here.  Try typing  <return>  to proceed.
If that doesn't work, type  X <return>  to quit.


Overfull \hbox (8191.99998pt too wide) in paragraph at lines 28--28
[] 
 []


! LaTeX Error: Missing \begin{document}.

See the LaTeX manual or LaTeX Companion for explanation.
Type  H <return>  for immediate help.
 ...                                              
                                                  
l.34 \noindent
              
You're in trouble here.  Try typing  <return>  to proceed.
If that doesn't work, type  X <return>  to quit.

! Undefined control sequence.
l.35 {\AKRSans
              \fontsize{11}{13}\selectfont
The control sequence at the end of the top line
of your error message was never \def'ed. If you have
misspelled it (e.g., `\hobx'), type `I' and the correct
spelling (e.g., `I\hbox'). Otherwise just continue,
and I'll forget about whatever was undefined.

! Undefined control sequence.
l.36 \ifx\FwsStation\empty\else \FwsStation
                                           \ \fi Report \# \ReportYear-\Repo...
The control sequence at the end of the top line
of your error message was never \def'ed. If you have
misspelled it (e.g., `\hobx'), type `I' and the correct
spelling (e.g., `I\hbox'). Otherwise just continue,
and I'll forget about whatever was undefined.

! Undefined control sequence.
l.36 ...lse \FwsStation\ \fi Report \# \ReportYear
                                                  -\ReportNumber
The control sequence at the end of the top line
of your error message was never \def'ed. If you have
misspelled it (e.g., `\hobx'), type `I' and the correct
spelling (e.g., `I\hbox'). Otherwise just continue,
and I'll forget about whatever was undefined.

! Undefined control sequence.
l.36 ...n\ \fi Report \# \ReportYear-\ReportNumber
                                                  
The control sequence at the end of the top line
of your error message was never \def'ed. If you have
misspelled it (e.g., `\hobx'), type `I' and the correct
spelling (e.g., `I\hbox'). Otherwise just continue,
and I'll forget about whatever was undefined.


Overfull \hbox (19.01042pt too wide) in paragraph at lines 34--37
 \OT1/cmr/m/n/10.95 Re-
 []


Overfull \hbox (20.40962pt too wide) in paragraph at lines 34--37
\OT1/cmr/m/n/10.95 port
 []


Overfull \hbox (9.12502pt too wide) in paragraph at lines 34--37
\OT1/cmr/m/n/10.95 #
 []


Overfull \hbox (3.65pt too wide) in paragraph at lines 34--37
\OT1/cmr/m/n/10.95 -
 []

! Undefined control sequence.
l.41 {\AKRSans
              \bfseries\fontsize{20}{24}\selectfont
The control sequence at the end of the top line
of your error message was never \def'ed. If you have
misspelled it (e.g., `\hobx'), type `I' and the correct
spelling (e.g., `I\hbox'). Otherwise just continue,
and I'll forget about whatever was undefined.


LaTeX Font Warning: Font shape `OT1/cmr/bx/n' in size <20> not available
(Font)              size <20.74> substituted on input line 41.


! LaTeX Error: No \title given.

See the LaTeX manual or LaTeX Companion for explanation.
Type  H <return>  for immediate help.
 ...                                              
                                                  
l.42 \makeatletter\@title
                         \makeatother
Try typing  <return>  to proceed.
If that doesn't work, type  X <return>  to quit.

! Undefined control sequence.
l.48 {\AKRSans
              \fontsize{12}{14}\selectfont \AuthorLine}\par
The control sequence at the end of the top line
of your error message was never \def'ed. If you have
misspelled it (e.g., `\hobx'), type `I' and the correct
spelling (e.g., `I\hbox'). Otherwise just continue,
and I'll forget about whatever was undefined.

! Undefined control sequence.
l.48 ...ns\fontsize{12}{14}\selectfont \AuthorLine
                                                  }\par
The control sequence at the end of the top line
of your error message was never \def'ed. If you have
misspelled it (e.g., `\hobx'), type `I' and the correct
spelling (e.g., `I\hbox'). Otherwise just continue,
and I'll forget about whatever was undefined.


! LaTeX Error: Missing \begin{document}.

See the LaTeX manual or LaTeX Companion for explanation.
Type  H <return>  for immediate help.
 ...                                              
                                                  
l.54 \noindent
              \includegraphics[width=\textwidth]{\CoverImage}\par
You're in trouble here.  Try typing  <return>  to proceed.
If that doesn't work, type  X <return>  to quit.

! Undefined control sequence.
l.54 \noindent\includegraphics
                              [width=\textwidth]{\CoverImage}\par
The control sequence at the end of the top line
of your error message was never \def'ed. If you have
misspelled it (e.g., `\hobx'), type `I' and the correct
spelling (e.g., `I\hbox'). Otherwise just continue,
and I'll forget about whatever was undefined.

Missing character: There is no [ in font nullfont!
Missing character: There is no w in font nullfont!
Missing character: There is no i in font nullfont!
Missing character: There is no d in font nullfont!
Missing character: There is no t in font nullfont!
Missing character: There is no h in font nullfont!
Missing character: There is no = in font nullfont!
! Missing number, treated as zero.
<to be read again> 
                   ]
l.54 \noindent\includegraphics[width=\textwidth]
                                                {\CoverImage}\par
A number should have been here; I inserted `0'.
(If you can't figure out why I needed to see a number,
look up `weird error' in the index to The TeXbook.)

! Illegal unit of measure (pt inserted).
<to be read again> 
                   ]
l.54 \noindent\includegraphics[width=\textwidth]
                                                {\CoverImage}\par
Dimensions can be in units of em, ex, in, pt, pc,
cm, mm, dd, cc, nd, nc, bp, or sp; but yours is a new one!
I'll assume that you meant to say pt, for printer's points.
To recover gracefully from this error, it's best to
delete the erroneous units; e.g., type `2' to delete
two letters. (See Chapter 27 of The TeXbook.)

Missing character: There is no ] in font nullfont!
! Undefined control sequence.
l.54 ...ludegraphics[width=\textwidth]{\CoverImage
                                                  }\par
The control sequence at the end of the top line
of your error message was never \def'ed. If you have
misspelled it (e.g., `\hobx'), type `I' and the correct
spelling (e.g., `I\hbox'). Otherwise just continue,
and I'll forget about whatever was undefined.

! Undefined control sequence.
l.59 {\AKRSans
              \fontsize{8}{10}\selectfont\noindent \CoverImageCredit}\vspace...
The control sequence at the end of the top line
of your error message was never \def'ed. If you have
misspelled it (e.g., `\hobx'), type `I' and the correct
spelling (e.g., `I\hbox'). Otherwise just continue,
and I'll forget about whatever was undefined.


! LaTeX Error: Missing \begin{document}.

See the LaTeX manual or LaTeX Companion for explanation.
Type  H <return>  for immediate help.
 ...                                              
                                                  
l.59 {\AKRSans\fontsize{8}{10}\selectfont\noindent
                                                   \CoverImageCredit}\vspace...
You're in trouble here.  Try typing  <return>  to proceed.
If that doesn't work, type  X <return>  to quit.

! Undefined control sequence.
l.59 ...{10}\selectfont\noindent \CoverImageCredit
                                                  }\vspace{-4pt}\par
The control sequence at the end of the top line
of your error message was never \def'ed. If you have
misspelled it (e.g., `\hobx'), type `I' and the correct
spelling (e.g., `I\hbox'). Otherwise just continue,
and I'll forget about whatever was undefined.


! LaTeX Error: The font size command \normalsize is not defined:
               there is probably something wrong with the class file.

See the LaTeX manual or LaTeX Companion for explanation.
Type  H <return>  for immediate help.
 ...                                              
                                                  
l.62 \clearpage
               
Your command was ignored.
Type  I <command> <return>  to replace it with another command,
or  <return>  to continue without it.

[1{c:/Users/mcobb/AppData/Roaming/TinyTeX/texmf-var/fonts/map/pdftex/updmap/pdftex.map}]
! Undefined control sequence.
l.66 {\AKRSerif
               \fontsize{10.5}{13}\selectfont
The control sequence at the end of the top line
of your error message was never \def'ed. If you have
misspelled it (e.g., `\hobx'), type `I' and the correct
spelling (e.g., `I\hbox'). Otherwise just continue,
and I'll forget about whatever was undefined.


LaTeX Font Warning: Font shape `OT1/cmr/m/n' in size <10.5> not available
(Font)              size <10.95> substituted on input line 66.


! LaTeX Error: Missing \begin{document}.

See the LaTeX manual or LaTeX Companion for explanation.
Type  H <return>  for immediate help.
 ...                                              
                                                  
l.67 T
      his report is used to disseminate information and analysis about natur...
You're in trouble here.  Try typing  <return>  to proceed.
If that doesn't work, type  X <return>  to quit.


Overfull \hbox (41.35252pt too wide) in paragraph at lines 67--68
[]\OT1/cmr/m/n/10.95 This
 []


Overfull \hbox (12.80542pt too wide) in paragraph at lines 67--68
\OT1/cmr/m/n/10.95 re-
 []


Overfull \hbox (20.40962pt too wide) in paragraph at lines 67--68
\OT1/cmr/m/n/10.95 port
 []


Overfull \hbox (7.36084pt too wide) in paragraph at lines 67--68
\OT1/cmr/m/n/10.95 is
 []


Overfull \hbox (21.35252pt too wide) in paragraph at lines 67--68
\OT1/cmr/m/n/10.95 used
 []


Overfull \hbox (9.73335pt too wide) in paragraph at lines 67--68
\OT1/cmr/m/n/10.95 to
 []


Overfull \hbox (17.09418pt too wide) in paragraph at lines 67--68
\OT1/cmr/m/n/10.95 dis-
 []


Overfull \hbox (21.96085pt too wide) in paragraph at lines 67--68
\OT1/cmr/m/n/10.95 sem-
 []


Overfull \hbox (6.69167pt too wide) in paragraph at lines 67--68
\OT1/cmr/m/n/10.95 i-
 []


Overfull \hbox (20.68336pt too wide) in paragraph at lines 67--68
\OT1/cmr/m/n/10.95 nate
 []


Overfull \hbox (12.77501pt too wide) in paragraph at lines 67--68
\OT1/cmr/m/n/10.95 in-
 []


Overfull \hbox (16.7596pt too wide) in paragraph at lines 67--68
\OT1/cmr/m/n/10.95 for-
 []


Overfull \hbox (18.25002pt too wide) in paragraph at lines 67--68
\OT1/cmr/m/n/10.95 ma-
 []


Overfull \hbox (18.85837pt too wide) in paragraph at lines 67--68
\OT1/cmr/m/n/10.95 tion
 []


Overfull \hbox (17.6417pt too wide) in paragraph at lines 67--68
\OT1/cmr/m/n/10.95 and
 []


Overfull \hbox (23.72502pt too wide) in paragraph at lines 67--68
\OT1/cmr/m/n/10.95 anal-
 []


Overfull \hbox (9.42918pt too wide) in paragraph at lines 67--68
\OT1/cmr/m/n/10.95 y-
 []


Overfull \hbox (11.68001pt too wide) in paragraph at lines 67--68
\OT1/cmr/m/n/10.95 sis
 []


Overfull \hbox (27.67921pt too wide) in paragraph at lines 67--68
\OT1/cmr/m/n/10.95 about
 []


Overfull \hbox (19.46669pt too wide) in paragraph at lines 67--68
\OT1/cmr/m/n/10.95 nat-
 []


Overfull \hbox (9.73334pt too wide) in paragraph at lines 67--68
\OT1/cmr/m/n/10.95 u-
 []


Overfull \hbox (12.80544pt too wide) in paragraph at lines 67--68
\OT1/cmr/m/n/10.95 ral
 []


Overfull \hbox (12.80542pt too wide) in paragraph at lines 67--68
\OT1/cmr/m/n/10.95 re-
 []


Overfull \hbox (34.21878pt too wide) in paragraph at lines 67--68
\OT1/cmr/m/n/10.95 sources
 []


Overfull \hbox (17.6417pt too wide) in paragraph at lines 67--68
\OT1/cmr/m/n/10.95 and
 []


Overfull \hbox (12.80542pt too wide) in paragraph at lines 67--68
\OT1/cmr/m/n/10.95 re-
 []


Overfull \hbox (23.72504pt too wide) in paragraph at lines 67--68
\OT1/cmr/m/n/10.95 lated
 []


Overfull \hbox (19.46669pt too wide) in paragraph at lines 67--68
\OT1/cmr/m/n/10.95 top-
 []


Overfull \hbox (12.22751pt too wide) in paragraph at lines 67--68
\OT1/cmr/m/n/10.95 ics
 []


Overfull \hbox (20.07501pt too wide) in paragraph at lines 67--68
\OT1/cmr/m/n/10.95 con-
 []


Overfull \hbox (23.75543pt too wide) in paragraph at lines 67--68
\OT1/cmr/m/n/10.95 cern-
 []


Overfull \hbox (14.60002pt too wide) in paragraph at lines 67--68
\OT1/cmr/m/n/10.95 ing
 []


Overfull \hbox (25.00253pt too wide) in paragraph at lines 67--68
\OT1/cmr/m/n/10.95 lands
 []


Overfull \hbox (24.33336pt too wide) in paragraph at lines 67--68
\OT1/cmr/m/n/10.95 man-
 []


Overfull \hbox (21.90002pt too wide) in paragraph at lines 67--68
\OT1/cmr/m/n/10.95 aged
 []


Overfull \hbox (11.55835pt too wide) in paragraph at lines 67--68
\OT1/cmr/m/n/10.95 by
 []


Overfull \hbox (15.20836pt too wide) in paragraph at lines 67--68
\OT1/cmr/m/n/10.95 the
 []


Overfull \hbox (20.3792pt too wide) in paragraph at lines 67--68
\OT1/cmr/m/n/10.95 U.S.
 []


Overfull \hbox (20.59212pt too wide) in paragraph at lines 67--68
\OT1/cmr/m/n/10.95 Fish
 []


Overfull \hbox (17.6417pt too wide) in paragraph at lines 67--68
\OT1/cmr/m/n/10.95 and
 []


Overfull \hbox (37.71672pt too wide) in paragraph at lines 67--68
\OT1/cmr/m/n/10.95 Wildlife
 []


Overfull \hbox (18.88876pt too wide) in paragraph at lines 67--68
\OT1/cmr/m/n/10.95 Ser-
 []


Overfull \hbox (21.59587pt too wide) in paragraph at lines 67--68
\OT1/cmr/m/n/10.95 vice.
 []


Overfull \hbox (21.35252pt too wide) in paragraph at lines 67--68
\OT1/cmr/m/n/10.95 This
 []


Overfull \hbox (12.80542pt too wide) in paragraph at lines 67--68
\OT1/cmr/m/n/10.95 re-
 []


Overfull \hbox (20.40962pt too wide) in paragraph at lines 67--68
\OT1/cmr/m/n/10.95 port
 []


Overfull \hbox (20.13585pt too wide) in paragraph at lines 67--68
\OT1/cmr/m/n/10.95 sup-
 []


Overfull \hbox (24.72879pt too wide) in paragraph at lines 67--68
\OT1/cmr/m/n/10.95 ports
 []


Overfull \hbox (15.20836pt too wide) in paragraph at lines 67--68
\OT1/cmr/m/n/10.95 the
 []


Overfull \hbox (15.20834pt too wide) in paragraph at lines 67--68
\OT1/cmr/m/n/10.95 ad-
 []


Overfull \hbox (30.11253pt too wide) in paragraph at lines 67--68
\OT1/cmr/m/n/10.95 vance-
 []


Overfull \hbox (24.02919pt too wide) in paragraph at lines 67--68
\OT1/cmr/m/n/10.95 ment
 []


Overfull \hbox (8.82085pt too wide) in paragraph at lines 67--68
\OT1/cmr/m/n/10.95 of
 []


Overfull \hbox (15.8775pt too wide) in paragraph at lines 67--68
\OT1/cmr/m/n/10.95 sci-
 []


Overfull \hbox (20.68335pt too wide) in paragraph at lines 67--68
\OT1/cmr/m/n/10.95 ence
 []


Overfull \hbox (17.6417pt too wide) in paragraph at lines 67--68
\OT1/cmr/m/n/10.95 and
 []


Overfull \hbox (12.77501pt too wide) in paragraph at lines 67--68
\OT1/cmr/m/n/10.95 in-
 []


Overfull \hbox (33.18463pt too wide) in paragraph at lines 67--68
\OT1/cmr/m/n/10.95 formed
 []


Overfull \hbox (41.42754pt too wide) in paragraph at lines 67--68
\OT1/cmr/m/n/10.95 decision-
 []


Overfull \hbox (34.97923pt too wide) in paragraph at lines 67--68
\OT1/cmr/m/n/10.95 making
 []


Overfull \hbox (11.55835pt too wide) in paragraph at lines 67--68
\OT1/cmr/m/n/10.95 by
 []


Overfull \hbox (21.90002pt too wide) in paragraph at lines 67--68
\OT1/cmr/m/n/10.95 pub-
 []


Overfull \hbox (20.13585pt too wide) in paragraph at lines 67--68
\OT1/cmr/m/n/10.95 lish-
 []


Overfull \hbox (14.60002pt too wide) in paragraph at lines 67--68
\OT1/cmr/m/n/10.95 ing
 []


Overfull \hbox (15.8775pt too wide) in paragraph at lines 67--68
\OT1/cmr/m/n/10.95 sci-
 []


Overfull \hbox (14.6pt too wide) in paragraph at lines 67--68
\OT1/cmr/m/n/10.95 en-
 []


Overfull \hbox (18.25003pt too wide) in paragraph at lines 67--68
\OT1/cmr/m/n/10.95 tific
 []


Overfull \hbox (21.90002pt too wide) in paragraph at lines 67--68
\OT1/cmr/m/n/10.95 find-
 []


Overfull \hbox (18.91919pt too wide) in paragraph at lines 67--68
\OT1/cmr/m/n/10.95 ings
 []


Overfull \hbox (20.07504pt too wide) in paragraph at lines 67--68
\OT1/cmr/m/n/10.95 that
 []


Overfull \hbox (20.07503pt too wide) in paragraph at lines 67--68
\OT1/cmr/m/n/10.95 may
 []


Overfull \hbox (11.25418pt too wide) in paragraph at lines 67--68
\OT1/cmr/m/n/10.95 be
 []


Overfull \hbox (15.20834pt too wide) in paragraph at lines 67--68
\OT1/cmr/m/n/10.95 on-
 []


Overfull \hbox (14.6pt too wide) in paragraph at lines 67--68
\OT1/cmr/m/n/10.95 go-
 []


Overfull \hbox (14.60002pt too wide) in paragraph at lines 67--68
\OT1/cmr/m/n/10.95 ing
 []


Overfull \hbox (9.76376pt too wide) in paragraph at lines 67--68
\OT1/cmr/m/n/10.95 or
 []


Overfull \hbox (15.51253pt too wide) in paragraph at lines 67--68
\OT1/cmr/m/n/10.95 too
 []


Overfull \hbox (18.85835pt too wide) in paragraph at lines 67--68
\OT1/cmr/m/n/10.95 lim-
 []


Overfull \hbox (18.25003pt too wide) in paragraph at lines 67--68
\OT1/cmr/m/n/10.95 ited
 []


Overfull \hbox (13.1096pt too wide) in paragraph at lines 67--68
\OT1/cmr/m/n/10.95 for
 []


Overfull \hbox (22.84294pt too wide) in paragraph at lines 67--68
\OT1/cmr/m/n/10.95 jour-
 []


Overfull \hbox (14.60002pt too wide) in paragraph at lines 67--68
\OT1/cmr/m/n/10.95 nal
 []


Overfull \hbox (21.90002pt too wide) in paragraph at lines 67--68
\OT1/cmr/m/n/10.95 pub-
 []


Overfull \hbox (9.73334pt too wide) in paragraph at lines 67--68
\OT1/cmr/m/n/10.95 li-
 []


Overfull \hbox (13.99167pt too wide) in paragraph at lines 67--68
\OT1/cmr/m/n/10.95 ca-
 []


Overfull \hbox (18.85837pt too wide) in paragraph at lines 67--68
\OT1/cmr/m/n/10.95 tion
 []


Overfull \hbox (16.42503pt too wide) in paragraph at lines 67--68
\OT1/cmr/m/n/10.95 but
 []


Overfull \hbox (19.4971pt too wide) in paragraph at lines 67--68
\OT1/cmr/m/n/10.95 pro-
 []


Overfull \hbox (19.77087pt too wide) in paragraph at lines 67--68
\OT1/cmr/m/n/10.95 vide
 []


Overfull \hbox (23.42087pt too wide) in paragraph at lines 67--68
\OT1/cmr/m/n/10.95 valu-
 []


Overfull \hbox (19.46669pt too wide) in paragraph at lines 67--68
\OT1/cmr/m/n/10.95 able
 []


Overfull \hbox (12.77501pt too wide) in paragraph at lines 67--68
\OT1/cmr/m/n/10.95 in-
 []


Overfull \hbox (16.7596pt too wide) in paragraph at lines 67--68
\OT1/cmr/m/n/10.95 for-
 []


Overfull \hbox (18.25002pt too wide) in paragraph at lines 67--68
\OT1/cmr/m/n/10.95 ma-
 []


Overfull \hbox (18.85837pt too wide) in paragraph at lines 67--68
\OT1/cmr/m/n/10.95 tion
 []


Overfull \hbox (9.76376pt too wide) in paragraph at lines 67--68
\OT1/cmr/m/n/10.95 or
 []


Overfull \hbox (12.77501pt too wide) in paragraph at lines 67--68
\OT1/cmr/m/n/10.95 in-
 []


Overfull \hbox (17.06377pt too wide) in paragraph at lines 67--68
\OT1/cmr/m/n/10.95 ter-
 []


Overfull \hbox (18.88876pt too wide) in paragraph at lines 67--68
\OT1/cmr/m/n/10.95 pre-
 []


Overfull \hbox (13.38335pt too wide) in paragraph at lines 67--68
\OT1/cmr/m/n/10.95 ta-
 []


Overfull \hbox (23.17754pt too wide) in paragraph at lines 67--68
\OT1/cmr/m/n/10.95 tions
 []


Overfull \hbox (9.73335pt too wide) in paragraph at lines 67--68
\OT1/cmr/m/n/10.95 to
 []


Overfull \hbox (15.20836pt too wide) in paragraph at lines 67--68
\OT1/cmr/m/n/10.95 the
 []


Overfull \hbox (20.07503pt too wide) in paragraph at lines 67--68
\OT1/cmr/m/n/10.95 field
 []


Overfull \hbox (8.82085pt too wide) in paragraph at lines 67--68
\OT1/cmr/m/n/10.95 of
 []


Overfull \hbox (28.65254pt too wide) in paragraph at lines 67--68
\OT1/cmr/m/n/10.95 study. 
 []


! LaTeX Error: Missing \begin{document}.

See the LaTeX manual or LaTeX Companion for explanation.
Type  H <return>  for immediate help.
 ...                                              
                                                  
l.70 M
      anuscripts receive an appropriate level of peer review to ensure that ...
You're in trouble here.  Try typing  <return>  to proceed.
If that doesn't work, type  X <return>  to quit.


Overfull \hbox (78.55215pt too wide) in paragraph at lines 70--71
[]\OT1/cmr/m/n/10.95 Manuscripts
 []


Overfull \hbox (12.80542pt too wide) in paragraph at lines 70--71
\OT1/cmr/m/n/10.95 re-
 []


Overfull \hbox (23.11668pt too wide) in paragraph at lines 70--71
\OT1/cmr/m/n/10.95 ceive
 []


Overfull \hbox (11.55835pt too wide) in paragraph at lines 70--71
\OT1/cmr/m/n/10.95 an
 []


Overfull \hbox (15.20834pt too wide) in paragraph at lines 70--71
\OT1/cmr/m/n/10.95 ap-
 []


Overfull \hbox (19.4971pt too wide) in paragraph at lines 70--71
\OT1/cmr/m/n/10.95 pro-
 []


Overfull \hbox (17.06377pt too wide) in paragraph at lines 70--71
\OT1/cmr/m/n/10.95 pri-
 []


Overfull \hbox (14.60002pt too wide) in paragraph at lines 70--71
\OT1/cmr/m/n/10.95 ate
 []


Overfull \hbox (21.29169pt too wide) in paragraph at lines 70--71
\OT1/cmr/m/n/10.95 level
 []


Overfull \hbox (8.82085pt too wide) in paragraph at lines 70--71
\OT1/cmr/m/n/10.95 of
 []


Overfull \hbox (20.4096pt too wide) in paragraph at lines 70--71
\OT1/cmr/m/n/10.95 peer
 []


Overfull \hbox (12.80542pt too wide) in paragraph at lines 70--71
\OT1/cmr/m/n/10.95 re-
 []


Overfull \hbox (21.59587pt too wide) in paragraph at lines 70--71
\OT1/cmr/m/n/10.95 view
 []


Overfull \hbox (9.73335pt too wide) in paragraph at lines 70--71
\OT1/cmr/m/n/10.95 to
 []


Overfull \hbox (14.6pt too wide) in paragraph at lines 70--71
\OT1/cmr/m/n/10.95 en-
 []


Overfull \hbox (19.55794pt too wide) in paragraph at lines 70--71
\OT1/cmr/m/n/10.95 sure
 []


Overfull \hbox (20.07504pt too wide) in paragraph at lines 70--71
\OT1/cmr/m/n/10.95 that
 []


Overfull \hbox (15.20836pt too wide) in paragraph at lines 70--71
\OT1/cmr/m/n/10.95 the
 []


Overfull \hbox (12.77501pt too wide) in paragraph at lines 70--71
\OT1/cmr/m/n/10.95 in-
 []


Overfull \hbox (16.7596pt too wide) in paragraph at lines 70--71
\OT1/cmr/m/n/10.95 for-
 []


Overfull \hbox (18.25002pt too wide) in paragraph at lines 70--71
\OT1/cmr/m/n/10.95 ma-
 []


Overfull \hbox (18.85837pt too wide) in paragraph at lines 70--71
\OT1/cmr/m/n/10.95 tion
 []


Overfull \hbox (7.36084pt too wide) in paragraph at lines 70--71
\OT1/cmr/m/n/10.95 is
 []


Overfull \hbox (15.8775pt too wide) in paragraph at lines 70--71
\OT1/cmr/m/n/10.95 sci-
 []


Overfull \hbox (14.6pt too wide) in paragraph at lines 70--71
\OT1/cmr/m/n/10.95 en-
 []


Overfull \hbox (14.29585pt too wide) in paragraph at lines 70--71
\OT1/cmr/m/n/10.95 tif-
 []


Overfull \hbox (6.69167pt too wide) in paragraph at lines 70--71
\OT1/cmr/m/n/10.95 i-
 []


Overfull \hbox (22.20421pt too wide) in paragraph at lines 70--71
\OT1/cmr/m/n/10.95 cally
 []


Overfull \hbox (23.75543pt too wide) in paragraph at lines 70--71
\OT1/cmr/m/n/10.95 cred-
 []


Overfull \hbox (6.69167pt too wide) in paragraph at lines 70--71
\OT1/cmr/m/n/10.95 i-
 []


Overfull \hbox (17.03336pt too wide) in paragraph at lines 70--71
\OT1/cmr/m/n/10.95 ble,
 []


Overfull \hbox (23.42084pt too wide) in paragraph at lines 70--71
\OT1/cmr/m/n/10.95 tech-
 []


Overfull \hbox (12.77501pt too wide) in paragraph at lines 70--71
\OT1/cmr/m/n/10.95 ni-
 []


Overfull \hbox (22.20421pt too wide) in paragraph at lines 70--71
\OT1/cmr/m/n/10.95 cally
 []


Overfull \hbox (13.99167pt too wide) in paragraph at lines 70--71
\OT1/cmr/m/n/10.95 ac-
 []


Overfull \hbox (14.6pt too wide) in paragraph at lines 70--71
\OT1/cmr/m/n/10.95 cu-
 []


Overfull \hbox (21.93045pt too wide) in paragraph at lines 70--71
\OT1/cmr/m/n/10.95 rate,
 []


Overfull \hbox (15.20834pt too wide) in paragraph at lines 70--71
\OT1/cmr/m/n/10.95 ap-
 []


Overfull \hbox (19.4971pt too wide) in paragraph at lines 70--71
\OT1/cmr/m/n/10.95 pro-
 []


Overfull \hbox (17.06377pt too wide) in paragraph at lines 70--71
\OT1/cmr/m/n/10.95 pri-
 []


Overfull \hbox (23.42088pt too wide) in paragraph at lines 70--71
\OT1/cmr/m/n/10.95 ately
 []


Overfull \hbox (23.14711pt too wide) in paragraph at lines 70--71
\OT1/cmr/m/n/10.95 writ-
 []


Overfull \hbox (15.20836pt too wide) in paragraph at lines 70--71
\OT1/cmr/m/n/10.95 ten
 []


Overfull \hbox (13.1096pt too wide) in paragraph at lines 70--71
\OT1/cmr/m/n/10.95 for
 []


Overfull \hbox (15.20836pt too wide) in paragraph at lines 70--71
\OT1/cmr/m/n/10.95 the
 []


Overfull \hbox (12.77501pt too wide) in paragraph at lines 70--71
\OT1/cmr/m/n/10.95 in-
 []


Overfull \hbox (32.24171pt too wide) in paragraph at lines 70--71
\OT1/cmr/m/n/10.95 tended
 []


Overfull \hbox (15.20834pt too wide) in paragraph at lines 70--71
\OT1/cmr/m/n/10.95 au-
 []


Overfull \hbox (12.77501pt too wide) in paragraph at lines 70--71
\OT1/cmr/m/n/10.95 di-
 []


Overfull \hbox (23.72502pt too wide) in paragraph at lines 70--71
\OT1/cmr/m/n/10.95 ence,
 []


Overfull \hbox (17.6417pt too wide) in paragraph at lines 70--71
\OT1/cmr/m/n/10.95 and
 []


Overfull \hbox (14.6pt too wide) in paragraph at lines 70--71
\OT1/cmr/m/n/10.95 de-
 []


Overfull \hbox (29.8692pt too wide) in paragraph at lines 70--71
\OT1/cmr/m/n/10.95 signed
 []


Overfull \hbox (17.6417pt too wide) in paragraph at lines 70--71
\OT1/cmr/m/n/10.95 and
 []


Overfull \hbox (21.90002pt too wide) in paragraph at lines 70--71
\OT1/cmr/m/n/10.95 pub-
 []


Overfull \hbox (27.43587pt too wide) in paragraph at lines 70--71
\OT1/cmr/m/n/10.95 lished
 []


Overfull \hbox (9.12502pt too wide) in paragraph at lines 70--71
\OT1/cmr/m/n/10.95 in
 []


Overfull \hbox (5.475pt too wide) in paragraph at lines 70--71
\OT1/cmr/m/n/10.95 a
 []


Overfull \hbox (19.4971pt too wide) in paragraph at lines 70--71
\OT1/cmr/m/n/10.95 pro-
 []


Overfull \hbox (16.18167pt too wide) in paragraph at lines 70--71
\OT1/cmr/m/n/10.95 fes-
 []


Overfull \hbox (27.43587pt too wide) in paragraph at lines 70--71
\OT1/cmr/m/n/10.95 sional
 []


Overfull \hbox (24.33336pt too wide) in paragraph at lines 70--71
\OT1/cmr/m/n/10.95 man-
 []


Overfull \hbox (18.28044pt too wide) in paragraph at lines 70--71
\OT1/cmr/m/n/10.95 ner. 
 []


! LaTeX Error: Missing \begin{document}.

See the LaTeX manual or LaTeX Companion for explanation.
Type  H <return>  for immediate help.
 ...                                              
                                                  
l.73 D
      isclaimer: The use of trade names of commercial products in this repor...
You're in trouble here.  Try typing  <return>  to proceed.
If that doesn't work, type  X <return>  to quit.


Overfull \hbox (73.47256pt too wide) in paragraph at lines 73--74
[]\OT1/cmr/m/n/10.95 Disclaimer:
 []


Overfull \hbox (18.85835pt too wide) in paragraph at lines 73--74
\OT1/cmr/m/n/10.95 The
 []


Overfull \hbox (15.26918pt too wide) in paragraph at lines 73--74
\OT1/cmr/m/n/10.95 use
 []


Overfull \hbox (8.82085pt too wide) in paragraph at lines 73--74
\OT1/cmr/m/n/10.95 of
 []


Overfull \hbox (24.97212pt too wide) in paragraph at lines 73--74
\OT1/cmr/m/n/10.95 trade
 []


Overfull \hbox (29.8692pt too wide) in paragraph at lines 73--74
\OT1/cmr/m/n/10.95 names
 []


Overfull \hbox (8.82085pt too wide) in paragraph at lines 73--74
\OT1/cmr/m/n/10.95 of
 []


Overfull \hbox (23.11668pt too wide) in paragraph at lines 73--74
\OT1/cmr/m/n/10.95 com-
 []


Overfull \hbox (21.93044pt too wide) in paragraph at lines 73--74
\OT1/cmr/m/n/10.95 mer-
 []


Overfull \hbox (16.42502pt too wide) in paragraph at lines 73--74
\OT1/cmr/m/n/10.95 cial
 []


Overfull \hbox (25.88461pt too wide) in paragraph at lines 73--74
\OT1/cmr/m/n/10.95 prod-
 []


Overfull \hbox (19.52753pt too wide) in paragraph at lines 73--74
\OT1/cmr/m/n/10.95 ucts
 []


Overfull \hbox (9.12502pt too wide) in paragraph at lines 73--74
\OT1/cmr/m/n/10.95 in
 []


Overfull \hbox (17.70253pt too wide) in paragraph at lines 73--74
\OT1/cmr/m/n/10.95 this
 []


Overfull \hbox (12.80542pt too wide) in paragraph at lines 73--74
\OT1/cmr/m/n/10.95 re-
 []


Overfull \hbox (20.40962pt too wide) in paragraph at lines 73--74
\OT1/cmr/m/n/10.95 port
 []


Overfull \hbox (21.04836pt too wide) in paragraph at lines 73--74
\OT1/cmr/m/n/10.95 does
 []


Overfull \hbox (15.8167pt too wide) in paragraph at lines 73--74
\OT1/cmr/m/n/10.95 not
 []


Overfull \hbox (20.07501pt too wide) in paragraph at lines 73--74
\OT1/cmr/m/n/10.95 con-
 []


Overfull \hbox (15.26918pt too wide) in paragraph at lines 73--74
\OT1/cmr/m/n/10.95 sti-
 []


Overfull \hbox (19.4667pt too wide) in paragraph at lines 73--74
\OT1/cmr/m/n/10.95 tute
 []


Overfull \hbox (14.6pt too wide) in paragraph at lines 73--74
\OT1/cmr/m/n/10.95 en-
 []


Overfull \hbox (28.68294pt too wide) in paragraph at lines 73--74
\OT1/cmr/m/n/10.95 dorse-
 []


Overfull \hbox (24.02919pt too wide) in paragraph at lines 73--74
\OT1/cmr/m/n/10.95 ment
 []


Overfull \hbox (9.76376pt too wide) in paragraph at lines 73--74
\OT1/cmr/m/n/10.95 or
 []


Overfull \hbox (17.67209pt too wide) in paragraph at lines 73--74
\OT1/cmr/m/n/10.95 rec-
 []


Overfull \hbox (18.25002pt too wide) in paragraph at lines 73--74
\OT1/cmr/m/n/10.95 om-
 []


Overfull \hbox (23.72502pt too wide) in paragraph at lines 73--74
\OT1/cmr/m/n/10.95 men-
 []


Overfull \hbox (15.20834pt too wide) in paragraph at lines 73--74
\OT1/cmr/m/n/10.95 da-
 []


Overfull \hbox (18.85837pt too wide) in paragraph at lines 73--74
\OT1/cmr/m/n/10.95 tion
 []


Overfull \hbox (13.1096pt too wide) in paragraph at lines 73--74
\OT1/cmr/m/n/10.95 for
 []


Overfull \hbox (15.26918pt too wide) in paragraph at lines 73--74
\OT1/cmr/m/n/10.95 use
 []


Overfull \hbox (11.55835pt too wide) in paragraph at lines 73--74
\OT1/cmr/m/n/10.95 by
 []


Overfull \hbox (15.20836pt too wide) in paragraph at lines 73--74
\OT1/cmr/m/n/10.95 the
 []


Overfull \hbox (17.94585pt too wide) in paragraph at lines 73--74
\OT1/cmr/m/n/10.95 fed-
 []


Overfull \hbox (17.6721pt too wide) in paragraph at lines 73--74
\OT1/cmr/m/n/10.95 eral
 []


Overfull \hbox (20.07501pt too wide) in paragraph at lines 73--74
\OT1/cmr/m/n/10.95 gov-
 []


Overfull \hbox (18.88876pt too wide) in paragraph at lines 73--74
\OT1/cmr/m/n/10.95 ern-
 []


Overfull \hbox (27.07086pt too wide) in paragraph at lines 73--74
\OT1/cmr/m/n/10.95 ment. 
 []


! LaTeX Error: Missing \begin{document}.

See the LaTeX manual or LaTeX Companion for explanation.
Type  H <return>  for immediate help.
 ...                                              
                                                  
l.77 \noindent
              \textbf{How to cite this report:}\par
You're in trouble here.  Try typing  <return>  to proceed.
If that doesn't work, type  X <return>  to quit.


LaTeX Font Warning: Font shape `OT1/cmr/bx/n' in size <10.5> not available
(Font)              size <10.95> substituted on input line 77.


Overfull \hbox (24.89589pt too wide) in paragraph at lines 77--77
\OT1/cmr/bx/n/10.95 How
 []


Overfull \hbox (11.19325pt too wide) in paragraph at lines 77--77
\OT1/cmr/bx/n/10.95 to
 []


Overfull \hbox (19.7631pt too wide) in paragraph at lines 77--77
\OT1/cmr/bx/n/10.95 cite
 []


Overfull \hbox (20.35774pt too wide) in paragraph at lines 77--77
\OT1/cmr/bx/n/10.95 this
 []


Overfull \hbox (15.15501pt too wide) in paragraph at lines 77--77
\OT1/cmr/bx/n/10.95 re-
 []


Overfull \hbox (27.22273pt too wide) in paragraph at lines 77--77
\OT1/cmr/bx/n/10.95 port: 
 []


! LaTeX Error: Environment hangparas undefined.

See the LaTeX manual or LaTeX Companion for explanation.
Type  H <return>  for immediate help.
 ...                                              
                                                  
l.79 \begin{hangparas}
                      {2em}{1}
Your command was ignored.
Type  I <command> <return>  to replace it with another command,
or  <return>  to continue without it.


! LaTeX Error: Missing \begin{document}.

See the LaTeX manual or LaTeX Companion for explanation.
Type  H <return>  for immediate help.
 ...                                              
                                                  
l.79 \begin{hangparas}{2
                        em}{1}
You're in trouble here.  Try typing  <return>  to proceed.
If that doesn't work, type  X <return>  to quit.

! Undefined control sequence.
l.81 ...ne\empty LastName, F.\else \CiteAuthorLine
                                                  \fi.\space
The control sequence at the end of the top line
of your error message was never \def'ed. If you have
misspelled it (e.g., `\hobx'), type `I' and the correct
spelling (e.g., `I\hbox'). Otherwise just continue,
and I'll forget about whatever was undefined.

! Undefined control sequence.
l.82 \ifx\ReportYear\empty Year.\else \ReportYear
                                                 .\fi\space
The control sequence at the end of the top line
of your error message was never \def'ed. If you have
misspelled it (e.g., `\hobx'), type `I' and the correct
spelling (e.g., `I\hbox'). Otherwise just continue,
and I'll forget about whatever was undefined.

! Undefined control sequence.
l.83 \CoverTitleOneLine
                       .\space
The control sequence at the end of the top line
of your error message was never \def'ed. If you have
misspelled it (e.g., `\hobx'), type `I' and the correct
spelling (e.g., `I\hbox'). Otherwise just continue,
and I'll forget about whatever was undefined.

! Undefined control sequence.
l.84 Report \ReportYear
                       -\ReportNumber.\space
The control sequence at the end of the top line
of your error message was never \def'ed. If you have
misspelled it (e.g., `\hobx'), type `I' and the correct
spelling (e.g., `I\hbox'). Otherwise just continue,
and I'll forget about whatever was undefined.

! Undefined control sequence.
l.84 Report \ReportYear-\ReportNumber
                                     .\space
The control sequence at the end of the top line
of your error message was never \def'ed. If you have
misspelled it (e.g., `\hobx'), type `I' and the correct
spelling (e.g., `I\hbox'). Otherwise just continue,
and I'll forget about whatever was undefined.

! Undefined control sequence.
l.86 \FwsProgram
                ,\space
The control sequence at the end of the top line
of your error message was never \def'ed. If you have
misspelled it (e.g., `\hobx'), type `I' and the correct
spelling (e.g., `I\hbox'). Otherwise just continue,
and I'll forget about whatever was undefined.

! Undefined control sequence.
l.87 \FwsRegion
               \space Region.\space
The control sequence at the end of the top line
of your error message was never \def'ed. If you have
misspelled it (e.g., `\hobx'), type `I' and the correct
spelling (e.g., `I\hbox'). Otherwise just continue,
and I'll forget about whatever was undefined.

! Undefined control sequence.
l.91   \FwsStation
                  \ifx\Location\empty\else,\space \Location\fi.\space
The control sequence at the end of the top line
of your error message was never \def'ed. If you have
misspelled it (e.g., `\hobx'), type `I' and the correct
spelling (e.g., `I\hbox'). Otherwise just continue,
and I'll forget about whatever was undefined.

! Undefined control sequence.
l.91 ...n\ifx\Location\empty\else,\space \Location
                                                  \fi.\space
The control sequence at the end of the top line
of your error message was never \def'ed. If you have
misspelled it (e.g., `\hobx'), type `I' and the correct
spelling (e.g., `I\hbox'). Otherwise just continue,
and I'll forget about whatever was undefined.

LaTeX Font Info:    Trying to load font information for OML+cmr on input line 96.
(c:/Users/mcobb/AppData/Roaming/TinyTeX/texmf-dist/tex/latex/base/omlcmr.fd
File: omlcmr.fd 2024/11/19 v2.5n Standard LaTeX font definitions
)
LaTeX Font Info:    Font shape `OML/cmr/m/n' in size <10.5> not available
(Font)              Font shape `OML/cmm/m/it' tried instead on input line 96.


LaTeX Font Warning: Font shape `OML/cmm/m/it' in size <10.5> not available
(Font)              size <10.95> substituted on input line 96.

! Undefined control sequence.
l.96 \textless\url
                  {https://doi.org/\Doi}\textgreater.
The control sequence at the end of the top line
of your error message was never \def'ed. If you have
misspelled it (e.g., `\hobx'), type `I' and the correct
spelling (e.g., `I\hbox'). Otherwise just continue,
and I'll forget about whatever was undefined.

! Undefined control sequence.
l.96 \textless\url{https://doi.org/\Doi
                                       }\textgreater.
The control sequence at the end of the top line
of your error message was never \def'ed. If you have
misspelled it (e.g., `\hobx'), type `I' and the correct
spelling (e.g., `I\hbox'). Otherwise just continue,
and I'll forget about whatever was undefined.


! LaTeX Error: \begin{document} ended by \end{hangparas}.

See the LaTeX manual or LaTeX Companion for explanation.
Type  H <return>  for immediate help.
 ...                                              
                                                  
l.97 \end{hangparas}
                    
Your command was ignored.
Type  I <command> <return>  to replace it with another command,
or  <return>  to continue without it.


Overfull \hbox (44.9417pt too wide) in paragraph at lines 79--98
[]\OT1/cmr/m/n/10.95 2em1
 []


Overfull \hbox (3.04167pt too wide) in paragraph at lines 79--98
\OT1/cmr/m/n/10.95 .
 []


Overfull \hbox (3.04167pt too wide) in paragraph at lines 79--98
\OT1/cmr/m/n/10.95 .
 []


Overfull \hbox (3.04167pt too wide) in paragraph at lines 79--98
\OT1/cmr/m/n/10.95 .
 []


Overfull \hbox (16.57709pt too wide) in paragraph at lines 79--98
\OT1/cmr/m/n/10.95 Re-
 []


Overfull \hbox (20.40962pt too wide) in paragraph at lines 79--98
\OT1/cmr/m/n/10.95 port
 []


Overfull \hbox (3.65pt too wide) in paragraph at lines 79--98
\OT1/cmr/m/n/10.95 -
 []


Overfull \hbox (3.04167pt too wide) in paragraph at lines 79--98
\OT1/cmr/m/n/10.95 .
 []


Overfull \hbox (20.3792pt too wide) in paragraph at lines 79--98
\OT1/cmr/m/n/10.95 U.S.
 []


Overfull \hbox (20.59212pt too wide) in paragraph at lines 79--98
\OT1/cmr/m/n/10.95 Fish
 []


Overfull \hbox (17.6417pt too wide) in paragraph at lines 79--98
\OT1/cmr/m/n/10.95 and
 []


Overfull \hbox (37.71672pt too wide) in paragraph at lines 79--98
\OT1/cmr/m/n/10.95 Wildlife
 []


Overfull \hbox (18.88876pt too wide) in paragraph at lines 79--98
\OT1/cmr/m/n/10.95 Ser-
 []


Overfull \hbox (21.59587pt too wide) in paragraph at lines 79--98
\OT1/cmr/m/n/10.95 vice,
 []


Overfull \hbox (3.04167pt too wide) in paragraph at lines 79--98
\OT1/cmr/m/n/10.95 ,
 []


Overfull \hbox (16.57709pt too wide) in paragraph at lines 79--98
\OT1/cmr/m/n/10.95 Re-
 []


Overfull \hbox (23.1167pt too wide) in paragraph at lines 79--98
\OT1/cmr/m/n/10.95 gion.
 []


Overfull \hbox (3.04167pt too wide) in paragraph at lines 79--98
\OT1/cmr/m/n/10.95 ,
 []


Overfull \hbox (3.04167pt too wide) in paragraph at lines 79--98
\OT1/cmr/m/n/10.95 .
 []


Overfull \hbox (97.12057pt too wide) in paragraph at lines 79--98
\OML/cmm/m/it/10.95 <\OT1/cmr/m/n/10.95 https://doi.org/\OML/cmm/m/it/10.95 >\OT1/cmr/m/n/10.95 .
 []


! LaTeX Error: The font size command \normalsize is not defined:
               there is probably something wrong with the class file.

See the LaTeX manual or LaTeX Companion for explanation.
Type  H <return>  for immediate help.
 ...                                              
                                                  
l.99 \clearpage
               
Your command was ignored.
Type  I <command> <return>  to replace it with another command,
or  <return>  to continue without it.

[2

]
! Undefined control sequence.
l.112   {\AKRSans
                 \bfseries\fontsize{12}{14}\selectfont ON THE COVER}\par
The control sequence at the end of the top line
of your error message was never \def'ed. If you have
misspelled it (e.g., `\hobx'), type `I' and the correct
spelling (e.g., `I\hbox'). Otherwise just continue,
and I'll forget about whatever was undefined.


! LaTeX Error: Missing \begin{document}.

See the LaTeX manual or LaTeX Companion for explanation.
Type  H <return>  for immediate help.
 ...                                              
                                                  
l.112 ...ns\bfseries\fontsize{12}{14}\selectfont O
                                                  N THE COVER}\par
You're in trouble here.  Try typing  <return>  to proceed.
If that doesn't work, type  X <return>  to quit.


Overfull \hbox (40.69444pt too wide) in paragraph at lines 112--112
[]\OT1/cmr/bx/n/12 ON
 []


Overfull \hbox (28.80556pt too wide) in paragraph at lines 112--112
\OT1/cmr/bx/n/12 THE
 []


Overfull \hbox (48.63889pt too wide) in paragraph at lines 112--112
\OT1/cmr/bx/n/12 COVER 
 []

! Undefined control sequence.
l.114   {\AKRSerif
                  \fontsize{11}{14}\selectfont \CoverCaption}\par
The control sequence at the end of the top line
of your error message was never \def'ed. If you have
misspelled it (e.g., `\hobx'), type `I' and the correct
spelling (e.g., `I\hbox'). Otherwise just continue,
and I'll forget about whatever was undefined.

! Undefined control sequence.
l.114 ...fontsize{11}{14}\selectfont \CoverCaption
                                                  }\par
The control sequence at the end of the top line
of your error message was never \def'ed. If you have
misspelled it (e.g., `\hobx'), type `I' and the correct
spelling (e.g., `I\hbox'). Otherwise just continue,
and I'll forget about whatever was undefined.

! Undefined control sequence.
l.117     {\AKRSerif
                    \fontsize{11}{14}\selectfont \CoverImageCredit}\par
The control sequence at the end of the top line
of your error message was never \def'ed. If you have
misspelled it (e.g., `\hobx'), type `I' and the correct
spelling (e.g., `I\hbox'). Otherwise just continue,
and I'll forget about whatever was undefined.

! Undefined control sequence.
l.117 ...size{11}{14}\selectfont \CoverImageCredit
                                                  }\par
The control sequence at the end of the top line
of your error message was never \def'ed. If you have
misspelled it (e.g., `\hobx'), type `I' and the correct
spelling (e.g., `I\hbox'). Otherwise just continue,
and I'll forget about whatever was undefined.


! LaTeX Error: The font size command \normalsize is not defined:
               there is probably something wrong with the class file.

See the LaTeX manual or LaTeX Companion for explanation.
Type  H <return>  for immediate help.
 ...                                              
                                                  
l.119   \clearpage
                  
Your command was ignored.
Type  I <command> <return>  to replace it with another command,
or  <return>  to continue without it.

[3

]
! Undefined control sequence.
<argument> \undefinedpagestyle 
                               
l.123 \pagestyle{fancy}
                       
The control sequence at the end of the top line
of your error message was never \def'ed. If you have
misspelled it (e.g., `\hobx'), type `I' and the correct
spelling (e.g., `I\hbox'). Otherwise just continue,
and I'll forget about whatever was undefined.

! Undefined control sequence.
l.124 \fancyhf
              {}
The control sequence at the end of the top line
of your error message was never \def'ed. If you have
misspelled it (e.g., `\hobx'), type `I' and the correct
spelling (e.g., `I\hbox'). Otherwise just continue,
and I'll forget about whatever was undefined.


! LaTeX Error: Command \headrulewidth undefined.

See the LaTeX manual or LaTeX Companion for explanation.
Type  H <return>  for immediate help.
 ...                                              
                                                  
l.125 \renewcommand{\headrulewidth}
                                   {0pt}
Try typing  <return>  to proceed.
If that doesn't work, type  X <return>  to quit.

! Undefined control sequence.
l.126 \fancyhead
                [L]{\AKRSans\fontsize{9}{11}\selectfont \ifx\FwsStation\empt...
The control sequence at the end of the top line
of your error message was never \def'ed. If you have
misspelled it (e.g., `\hobx'), type `I' and the correct
spelling (e.g., `I\hbox'). Otherwise just continue,
and I'll forget about whatever was undefined.


! LaTeX Error: Missing \begin{document}.

See the LaTeX manual or LaTeX Companion for explanation.
Type  H <return>  for immediate help.
 ...                                              
                                                  
l.126 \fancyhead[
                 L]{\AKRSans\fontsize{9}{11}\selectfont \ifx\FwsStation\empt...
You're in trouble here.  Try typing  <return>  to proceed.
If that doesn't work, type  X <return>  to quit.

! Undefined control sequence.
l.126 \fancyhead[L]{\AKRSans
                            \fontsize{9}{11}\selectfont \ifx\FwsStation\empt...
The control sequence at the end of the top line
of your error message was never \def'ed. If you have
misspelled it (e.g., `\hobx'), type `I' and the correct
spelling (e.g., `I\hbox'). Otherwise just continue,
and I'll forget about whatever was undefined.

! Undefined control sequence.
l.126 ...nt \ifx\FwsStation\empty\else \FwsStation
                                                  \ \fi Report \ReportYear-\...
The control sequence at the end of the top line
of your error message was never \def'ed. If you have
misspelled it (e.g., `\hobx'), type `I' and the correct
spelling (e.g., `I\hbox'). Otherwise just continue,
and I'll forget about whatever was undefined.

! Undefined control sequence.
l.126 ...\else \FwsStation\ \fi Report \ReportYear
                                                  -\ReportNumber}
The control sequence at the end of the top line
of your error message was never \def'ed. If you have
misspelled it (e.g., `\hobx'), type `I' and the correct
spelling (e.g., `I\hbox'). Otherwise just continue,
and I'll forget about whatever was undefined.

! Undefined control sequence.
l.126 ...ion\ \fi Report \ReportYear-\ReportNumber
                                                  }
The control sequence at the end of the top line
of your error message was never \def'ed. If you have
misspelled it (e.g., `\hobx'), type `I' and the correct
spelling (e.g., `I\hbox'). Otherwise just continue,
and I'll forget about whatever was undefined.

! Undefined control sequence.
l.127 \fancyhead
                [R]{\AKRSans\fontsize{9}{11}\selectfont \TitleShort}
The control sequence at the end of the top line
of your error message was never \def'ed. If you have
misspelled it (e.g., `\hobx'), type `I' and the correct
spelling (e.g., `I\hbox'). Otherwise just continue,
and I'll forget about whatever was undefined.

! Undefined control sequence.
l.127 \fancyhead[R]{\AKRSans
                            \fontsize{9}{11}\selectfont \TitleShort}
The control sequence at the end of the top line
of your error message was never \def'ed. If you have
misspelled it (e.g., `\hobx'), type `I' and the correct
spelling (e.g., `I\hbox'). Otherwise just continue,
and I'll forget about whatever was undefined.

! Undefined control sequence.
l.127 ...ns\fontsize{9}{11}\selectfont \TitleShort
                                                  }
The control sequence at the end of the top line
of your error message was never \def'ed. If you have
misspelled it (e.g., `\hobx'), type `I' and the correct
spelling (e.g., `I\hbox'). Otherwise just continue,
and I'll forget about whatever was undefined.

! Undefined control sequence.
l.128 \fancyfoot
                [C]{\AKRSans\fontsize{9}{11}\selectfont \thepage}
The control sequence at the end of the top line
of your error message was never \def'ed. If you have
misspelled it (e.g., `\hobx'), type `I' and the correct
spelling (e.g., `I\hbox'). Otherwise just continue,
and I'll forget about whatever was undefined.

! Undefined control sequence.
l.128 \fancyfoot[C]{\AKRSans
                            \fontsize{9}{11}\selectfont \thepage}
The control sequence at the end of the top line
of your error message was never \def'ed. If you have
misspelled it (e.g., `\hobx'), type `I' and the correct
spelling (e.g., `I\hbox'). Otherwise just continue,
and I'll forget about whatever was undefined.

! Undefined control sequence.
l.128 ...RSans\fontsize{9}{11}\selectfont \thepage
                                                  }
The control sequence at the end of the top line
of your error message was never \def'ed. If you have
misspelled it (e.g., `\hobx'), type `I' and the correct
spelling (e.g., `I\hbox'). Otherwise just continue,
and I'll forget about whatever was undefined.

)
! Emergency stop.
<*> frontmatter.tex
                   
*** (job aborted, no legal \end found)

 
Here is how much of TeX's memory you used:
 65 strings out of 469514
 1210 string characters out of 5468199
 444759 words of memory out of 5000000
 28808 multiletter control sequences out of 15000+600000
 630506 words of font info for 49 fonts, out of 8000000 for 9000
 14 hyphenation exceptions out of 8191
 23i,5n,26p,462b,153s stack positions out of 10000i,1000n,20000p,200000b,200000s
!  ==> Fatal error occurred, no output PDF file produced!
